<?xml version="1.0" encoding="UTF-8"?>
<!-- Generated by org.testng.reporters.JUnitXMLReporter -->
<testsuite ignored="0" hostname="DESKTOP-45HEKQS" failures="0" tests="8" name="chrome" time="0.444" errors="0" timestamp="2022-10-07T11:41:45 IST">
  <testcase classname="com.saucedemo.testclasses.TESTBASEClASS" name="@BeforeMethod setUp" time="-1.665123104938E9">
    <failure type="org.testng.TestNGException" message="
Can inject only one of &amp;lt;ITestContext, XmlTest, Method, Object[], ITestResult&amp;gt; into a @BeforeMethod annotated setUp.
For more information on native dependency injection please refer to https://testng.org/doc/documentation-main.html#native-dependency-injection">
      <![CDATA[org.testng.TestNGException: 
Can inject only one of <ITestContext, XmlTest, Method, Object[], ITestResult> into a @BeforeMethod annotated setUp.
For more information on native dependency injection please refer to https://testng.org/doc/documentation-main.html#native-dependency-injection
at java.base/java.util.concurrent.ThreadPoolExecutor.runWorker(ThreadPoolExecutor.java:1136)
at java.base/java.util.concurrent.ThreadPoolExecutor$Worker.run(ThreadPoolExecutor.java:635)
at java.base/java.lang.Thread.run(Thread.java:833)
... Removed 13 stack frames]]>
    </failure>
  </testcase> <!-- @BeforeMethod setUp -->
  <testcase classname="com.saucedemo.testclasses.TESTBASEClASS" name="@AfterMethod tearDown" time="-1.665123105002E9">
    <skipped/>
  </testcase> <!-- @AfterMethod tearDown -->
  <testcase classname="com.saucedemo.testclasses.TESTBASEClASS" name="@BeforeMethod setUp" time="-1.665123105073E9">
    <failure type="org.testng.TestNGException" message="
Can inject only one of &amp;lt;ITestContext, XmlTest, Method, Object[], ITestResult&amp;gt; into a @BeforeMethod annotated setUp.
For more information on native dependency injection please refer to https://testng.org/doc/documentation-main.html#native-dependency-injection">
      <![CDATA[org.testng.TestNGException: 
Can inject only one of <ITestContext, XmlTest, Method, Object[], ITestResult> into a @BeforeMethod annotated setUp.
For more information on native dependency injection please refer to https://testng.org/doc/documentation-main.html#native-dependency-injection
at java.base/java.util.concurrent.ThreadPoolExecutor.runWorker(ThreadPoolExecutor.java:1136)
at java.base/java.util.concurrent.ThreadPoolExecutor$Worker.run(ThreadPoolExecutor.java:635)
at java.base/java.lang.Thread.run(Thread.java:833)
... Removed 13 stack frames]]>
    </failure>
  </testcase> <!-- @BeforeMethod setUp -->
  <testcase classname="com.saucedemo.testclasses.TESTBASEClASS" name="@AfterMethod tearDown" time="-1.665123105105E9">
    <skipped/>
  </testcase> <!-- @AfterMethod tearDown -->
  <testcase classname="com.saucedemo.testclasses.TESTBASEClASS" name="@BeforeMethod setUp" time="-1.665123105109E9">
    <skipped/>
  </testcase> <!-- @BeforeMethod setUp -->
  <testcase classname="com.saucedemo.testclasses.TESTBASEClASS" name="@AfterMethod tearDown" time="-1.665123105127E9">
    <skipped/>
  </testcase> <!-- @AfterMethod tearDown -->
  <testcase classname="com.saucedemo.testclasses.TESTBASEClASS" name="@BeforeMethod setUp" time="-1.665123105139E9">
    <failure type="org.testng.TestNGException" message="
Can inject only one of &amp;lt;ITestContext, XmlTest, Method, Object[], ITestResult&amp;gt; into a @BeforeMethod annotated setUp.
For more information on native dependency injection please refer to https://testng.org/doc/documentation-main.html#native-dependency-injection">
      <![CDATA[org.testng.TestNGException: 
Can inject only one of <ITestContext, XmlTest, Method, Object[], ITestResult> into a @BeforeMethod annotated setUp.
For more information on native dependency injection please refer to https://testng.org/doc/documentation-main.html#native-dependency-injection
at java.base/java.util.concurrent.ThreadPoolExecutor.runWorker(ThreadPoolExecutor.java:1136)
at java.base/java.util.concurrent.ThreadPoolExecutor$Worker.run(ThreadPoolExecutor.java:635)
at java.base/java.lang.Thread.run(Thread.java:833)
... Removed 13 stack frames]]>
    </failure>
  </testcase> <!-- @BeforeMethod setUp -->
  <testcase classname="com.saucedemo.testclasses.TESTBASEClASS" name="@AfterMethod tearDown" time="-1.665123105174E9">
    <skipped/>
  </testcase> <!-- @AfterMethod tearDown -->
  <testcase classname="com.saucedemo.testclasses.TESTBASEClASS" name="@BeforeMethod setUp" time="-1.665123105175E9">
    <skipped/>
  </testcase> <!-- @BeforeMethod setUp -->
  <testcase classname="com.saucedemo.testclasses.TESTBASEClASS" name="@AfterMethod tearDown" time="-1.665123105209E9">
    <skipped/>
  </testcase> <!-- @AfterMethod tearDown -->
  <testcase classname="com.saucedemo.testclasses.TESTBASEClASS" name="@BeforeMethod setUp" time="-1.665123105222E9">
    <skipped/>
  </testcase> <!-- @BeforeMethod setUp -->
  <testcase classname="com.saucedemo.testclasses.TESTBASEClASS" name="@AfterMethod tearDown" time="-1.665123105235E9">
    <skipped/>
  </testcase> <!-- @AfterMethod tearDown -->
  <testcase classname="com.saucedemo.testclasses.TESTBASEClASS" name="@BeforeMethod setUp" time="-1.66512310524E9">
    <skipped/>
  </testcase> <!-- @BeforeMethod setUp -->
  <testcase classname="com.saucedemo.testclasses.TESTBASEClASS" name="@AfterMethod tearDown" time="-1.665123105257E9">
    <skipped/>
  </testcase> <!-- @AfterMethod tearDown -->
  <testcase classname="com.saucedemo.testclasses.TESTBASEClASS" name="@BeforeMethod setUp" time="-1.665123105259E9">
    <skipped/>
  </testcase> <!-- @BeforeMethod setUp -->
  <testcase classname="com.saucedemo.testclasses.TESTBASEClASS" name="@AfterMethod tearDown" time="-1.66512310527E9">
    <skipped/>
  </testcase> <!-- @AfterMethod tearDown -->
  <testcase classname="com.saucedemo.testclasses.CheckoutFunctionlity" name="CheckoutFunctionality" time="0.0">
    <skipped/>
  </testcase> <!-- CheckoutFunctionality -->
  <testcase classname="com.saucedemo.testclasses.AddToCart" name="AddToCart" time="0.0">
    <skipped/>
  </testcase> <!-- AddToCart -->
  <testcase classname="com.saucedemo.testclasses.AddToCart" name="AddToCart" time="0.0">
    <skipped/>
  </testcase> <!-- AddToCart -->
  <testcase classname="com.saucedemo.testclasses.Loginfunctionality" name="LogoutFunctionlity" time="0.0">
    <skipped/>
  </testcase> <!-- LogoutFunctionlity -->
  <testcase classname="com.saucedemo.testclasses.Loginfunctionality" name="LogoutFunctionlity" time="0.0">
    <skipped/>
  </testcase> <!-- LogoutFunctionlity -->
  <testcase classname="com.saucedemo.testclasses.Loginfunctionality" name="LogoutFunctionlity" time="0.0">
    <skipped/>
  </testcase> <!-- LogoutFunctionlity -->
  <testcase classname="com.saucedemo.testclasses.Loginfunctionality" name="LoginFunctionality" time="0.0">
    <skipped/>
  </testcase> <!-- LoginFunctionality -->
  <testcase classname="com.saucedemo.testclasses.Loginfunctionality" name="LoginFunctionality" time="0.0">
    <skipped/>
  </testcase> <!-- LoginFunctionality -->
</testsuite> <!-- chrome -->
